TN:
SF:src/index.tsx
FNF:0
FNH:0
DA:2,2
DA:3,2
DA:4,2
DA:6,2
LF:4
LH:4
BRF:0
BRH:0
end_of_record
TN:
SF:src/components/App.tsx
FN:4,(anonymous_1)
FNF:1
FNH:1
FNDA:5,(anonymous_1)
DA:2,3
DA:4,3
DA:5,5
DA:12,3
LF:4
LH:4
BRF:0
BRH:0
end_of_record
TN:
SF:src/components/Counter.tsx
FN:8,(anonymous_6)
FN:11,(anonymous_7)
FN:15,(anonymous_8)
FNF:3
FNH:3
FNDA:5,(anonymous_6)
FNDA:1,(anonymous_7)
FNDA:1,(anonymous_8)
DA:2,1
DA:8,1
DA:9,5
DA:11,5
DA:12,1
DA:15,5
DA:16,1
DA:19,5
DA:28,1
LF:9
LH:9
BRF:0
BRH:0
end_of_record
