TN:
SF:src/index.tsx
FNF:0
FNH:0
DA:14,1
DA:15,1
DA:16,1
DA:18,1
LF:4
LH:4
BRF:0
BRH:0
end_of_record
TN:
SF:src/server.ts
FN:10,(anonymous_1)
FN:14,(anonymous_2)
FNF:2
FNH:0
FNDA:0,(anonymous_1)
FNDA:0,(anonymous_2)
DA:1,0
DA:2,0
DA:4,0
DA:5,0
DA:8,0
DA:10,0
DA:11,0
DA:14,0
DA:15,0
LF:9
LH:0
BRF:0
BRH:0
end_of_record
TN:
SF:src/components/App.tsx
FN:4,(anonymous_1)
FNF:1
FNH:1
FNDA:3,(anonymous_1)
DA:2,2
DA:4,2
DA:5,3
DA:12,2
LF:4
LH:4
BRF:0
BRH:0
end_of_record
TN:
SF:src/components/Counter.tsx
FN:8,(anonymous_6)
FN:11,(anonymous_7)
FN:15,(anonymous_8)
FNF:3
FNH:2
FNDA:3,(anonymous_6)
FNDA:1,(anonymous_7)
FNDA:0,(anonymous_8)
DA:2,1
DA:8,1
DA:9,3
DA:11,3
DA:12,1
DA:15,3
DA:16,0
DA:19,3
DA:28,1
LF:9
LH:8
BRF:0
BRH:0
end_of_record
